   1               		.file	"main.c"
   2               	__SP_H__ = 0x3e
   3               	__SP_L__ = 0x3d
   4               	__SREG__ = 0x3f
   5               	__RAMPZ__ = 0x3b
   6               	__tmp_reg__ = 0
   7               	__zero_reg__ = 1
   8               		.text
   9               	.Ltext0:
  10               		.cfi_sections	.debug_frame
  11               		.section	.text.startup,"ax",@progbits
  12               	.global	main
  14               	main:
  15               	.LFB11:
  16               		.file 1 "main.c"
   1:main.c        **** #include <avr/io.h>
   2:main.c        **** #include <avr/interrupt.h>
   3:main.c        **** #include <util/delay.h>
   4:main.c        **** #include <util/atomic.h>
   5:main.c        **** #include "spi.h"
   6:main.c        **** #include "lcd.h"
   7:main.c        **** 
   8:main.c        **** int main(void)
   9:main.c        **** {
  17               		.loc 1 9 0
  18               		.cfi_startproc
  19               	/* prologue: function */
  20               	/* frame size = 0 */
  21               	/* stack size = 0 */
  22               	.L__stack_usage = 0
  23               	.L2:
  24 0000 00C0      		rjmp .L2
  25               		.cfi_endproc
  26               	.LFE11:
  28               		.text
  29               	.Letext0:
DEFINED SYMBOLS
                            *ABS*:00000000 main.c
C:\Users\it\AppData\Local\Temp\cckVjKB6.s:2      *ABS*:0000003e __SP_H__
C:\Users\it\AppData\Local\Temp\cckVjKB6.s:3      *ABS*:0000003d __SP_L__
C:\Users\it\AppData\Local\Temp\cckVjKB6.s:4      *ABS*:0000003f __SREG__
C:\Users\it\AppData\Local\Temp\cckVjKB6.s:5      *ABS*:0000003b __RAMPZ__
C:\Users\it\AppData\Local\Temp\cckVjKB6.s:6      *ABS*:00000000 __tmp_reg__
C:\Users\it\AppData\Local\Temp\cckVjKB6.s:7      *ABS*:00000001 __zero_reg__
C:\Users\it\AppData\Local\Temp\cckVjKB6.s:14     .text.startup:00000000 main

NO UNDEFINED SYMBOLS
