   1               		.file	"spi.c"
   2               	__SP_H__ = 0x3e
   3               	__SP_L__ = 0x3d
   4               	__SREG__ = 0x3f
   5               	__RAMPZ__ = 0x3b
   6               	__tmp_reg__ = 0
   7               	__zero_reg__ = 1
   8               		.text
   9               	.Ltext0:
  10               		.cfi_sections	.debug_frame
  11               	.global	Spi_Init
  13               	Spi_Init:
  14               	.LFB6:
  15               		.file 1 "spi.c"
   1:spi.c         **** #include <avr/io.h>
   2:spi.c         **** #include <util/delay.h>
   3:spi.c         **** #include "spi.h"
   4:spi.c         **** 
   5:spi.c         **** void Spi_Init(void)
   6:spi.c         **** {
  16               		.loc 1 6 0
  17               		.cfi_startproc
  18               	/* prologue: function */
  19               	/* frame size = 0 */
  20               	/* stack size = 0 */
  21               	.L__stack_usage = 0
   7:spi.c         **** 	DDRB = 0xF7;	// SPI에 사용하는 핀
  22               		.loc 1 7 0
  23 0000 87EF      		ldi r24,lo8(-9)
  24 0002 84B9      		out 0x4,r24
   8:spi.c         **** 
   9:spi.c         **** 	SPCR = 0x1D;
  25               		.loc 1 9 0
  26 0004 8DE1      		ldi r24,lo8(29)
  27 0006 8CBD      		out 0x2c,r24
  10:spi.c         **** 	SPSR = 0x00;
  28               		.loc 1 10 0
  29 0008 1DBC      		out 0x2d,__zero_reg__
  30 000a 0895      		ret
  31               		.cfi_endproc
  32               	.LFE6:
  34               	.global	SPI_Write
  36               	SPI_Write:
  37               	.LFB7:
  11:spi.c         **** 
  12:spi.c         **** 	return;
  13:spi.c         **** }
  14:spi.c         **** 
  15:spi.c         **** void SPI_Write(unsigned char byte)
  16:spi.c         **** {
  38               		.loc 1 16 0
  39               		.cfi_startproc
  40               	.LVL0:
  41               	/* prologue: function */
  42               	/* frame size = 0 */
  43               	/* stack size = 0 */
  44               	.L__stack_usage = 0
  45 000c 0895      		ret
  46               		.cfi_endproc
  47               	.LFE7:
  49               	.Letext0:
  50               		.file 2 "c:\\program files\\atmel\\avr tools\\avr toolchain\\bin\\../lib/gcc/avr/4.7.2/../../../..
DEFINED SYMBOLS
                            *ABS*:00000000 spi.c
C:\Users\it\AppData\Local\Temp\ccF3litd.s:2      *ABS*:0000003e __SP_H__
C:\Users\it\AppData\Local\Temp\ccF3litd.s:3      *ABS*:0000003d __SP_L__
C:\Users\it\AppData\Local\Temp\ccF3litd.s:4      *ABS*:0000003f __SREG__
C:\Users\it\AppData\Local\Temp\ccF3litd.s:5      *ABS*:0000003b __RAMPZ__
C:\Users\it\AppData\Local\Temp\ccF3litd.s:6      *ABS*:00000000 __tmp_reg__
C:\Users\it\AppData\Local\Temp\ccF3litd.s:7      *ABS*:00000001 __zero_reg__
C:\Users\it\AppData\Local\Temp\ccF3litd.s:13     .text:00000000 Spi_Init
C:\Users\it\AppData\Local\Temp\ccF3litd.s:36     .text:0000000c SPI_Write

NO UNDEFINED SYMBOLS
